Order 10 created for user man
Fetching orders for user man: 3 orders found
OrderItem 8 removed from Order 10 for user man
Fetching orders for user man: 3 orders found
OrderItem 7 removed from Order 10 for user man
Fetching orders for user man: 2 orders found
Fetching orders for user Hijbullahx: 2 orders found
Order 11 created for user Hijbullahx
Fetching orders for user Hijbullahx: 3 orders found
Fetching orders for user Hijbullahx: 3 orders found
Fetching orders for user Hijbullahx: 3 orders found
Fetching orders for user Hijbullahx: 3 orders found
Fetching orders for user Hijbullahx: 3 orders found
Fetching orders for user Hijbullahx: 3 orders found
Fetching orders for user Hijbullahx: 3 orders found
Fetching orders for user Hijbullahx: 3 orders found
Fetching orders for user Hijbullahx: 3 orders found
Fetching orders for user Hijbullahx: 3 orders found
Fetching orders for user Hijbullahx: 3 orders found
Fetching orders for user Hijbullahx: 3 orders found
Fetching orders for user Hijbullahx: 3 orders found
Fetching orders for user Hijbullahx: 3 orders found
Fetching orders for user Hijbullahx: 3 orders found
Fetching orders for user Hijbullahx: 3 orders found
Fetching orders for user Hijbullahx: 3 orders found
Fetching orders for user Hijbullahx: 3 orders found
Fetching orders for user Hijbullahx: 3 orders found
Fetching orders for user Hijbullahx: 3 orders found
Fetching orders for user Hijbullahx: 3 orders found
Fetching orders for user Hijbullahx: 3 orders found
Fetching orders for user Hijbullahx: 3 orders found
Fetching orders for user Hijbullahx: 3 orders found
Fetching orders for user Hijbullahx: 3 orders found
Fetching orders for user Hijbullahx: 3 orders found
Fetching orders for user Hijbullahx: 3 orders found
Fetching orders for user Hijbullahx: 3 orders found
Fetching orders for user Hijbullahx: 3 orders found
Fetching orders for user Hijbullahx: 3 orders found
OrderItem 9 removed from Order 11 for user Hijbullahx
Fetching orders for user Hijbullahx: 2 orders found
Fetching orders for user hijbullah: 0 orders found
Order 12 created for user hijbullah
Fetching orders for user hijbullah: 1 orders found
Fetching orders for user hijbullah: 1 orders found
OrderItem 10 removed from Order #1 (ID: 12) for user hijbullah
Fetching orders for user hijbullah: 0 orders found
Order #1 (ID: 13) created for user hijbullah
Fetching orders for user hijbullah: 1 orders found
Order #1 (ID: 14) created for user man
Fetching orders for user man: 1 orders found
Fetching orders for user man: 1 orders found
Fetching orders for user hijbullah: 1 orders found
Order #2 (ID: 15) created for user hijbullah
Fetching orders for user hijbullah: 2 orders found
Fetching orders for user man: 1 orders found
Order #2 (ID: 16) created for user man
Fetching orders for user man: 2 orders found
Fetching orders for user man: 2 orders found
Fetching orders for user man: 2 orders found
Order #3 (ID: 17) created for user man
Fetching orders for user man: 3 orders found
